<testsuites id="" name="" tests="3" failures="0" skipped="0" errors="0" time="12.216402">
<testsuite name="auth/auth.test.ts" timestamp="2025-08-07T17:04:23.228Z" hostname="chromium" tests="3" failures="0" skipped="0" time="8.207" errors="0">
<testcase name="Authentication Flow › should display signup button for unauthenticated users" classname="auth/auth.test.ts" time="4.226">
</testcase>
<testcase name="Authentication Flow › should display main page content correctly" classname="auth/auth.test.ts" time="2.002">
</testcase>
<testcase name="Authentication Flow › should navigate to browse shows" classname="auth/auth.test.ts" time="1.979">
</testcase>
</testsuite>
</testsuites>